SF:/Users/robert/Desktop/UBB/Semestru 2/OOP/bonus/3/src/image.cpp
FN:9,_ZN4SizeC2Ev
FN:10,_ZN4SizeC2Eii
FN:11,_ZNK4Size5widthEv
FN:12,_ZNK4Size6heightEv
FN:13,_ZN5ImageC2Ev
FN:16,_ZNK4SizeeqERKS_
FN:21,_ZNK4SizeneERKS_
FN:25,_ZN5ImageC2Eii
FN:34,_ZN5ImageC2ERKS_
FN:48,_ZN5ImageD2Ev
FN:53,_ZN5ImageaSERKS_
FN:71,_ZNK5Image5widthEv
FN:72,_ZNK5Image6heightEv
FN:73,_ZNK5Image4sizeEv
FN:76,_ZNK5Image4saveERKNSt3__112basic_stringIcNS0_11char_traitsIcEENS0_9allocatorIcEEEE
FN:102,_ZN5Image4loadERKNSt3__112basic_stringIcNS0_11char_traitsIcEENS0_9allocatorIcEEEE
FN:142,_ZlsRNSt3__113basic_ostreamIcNS_11char_traitsIcEEEERK5Image
FN:163,_ZrsRNSt3__113basic_istreamIcNS_11char_traitsIcEEEER5Image
FN:194,_ZNK5ImageplERKS_
FN:212,_ZNK5ImagemiERKS_
FN:229,_ZN5ImagepLERKS_
FN:245,_ZN5ImagemIERKS_
FN:261,_ZNK5ImagemlEi
FN:274,_ZNK5ImageplEi
FN:287,_ZNK5ImagemiEi
FN:300,_ZN5ImagepLEi
FN:312,_ZN5ImagemIEi
FN:324,_ZNK5ImagemLEi
FN:336,_ZNK5Image5emptyEv
FN:341,_ZN5Image2atEii
FN:350,_ZN5Image2atERK5Point
FN:355,_ZN5Image3rowEi
FN:364,_ZN5Image7releaseEv
FN:377,_ZNK5Image3ROIEiiii
FN:394,_ZNK5Image3ROIERK9Rectangle
FN:399,_ZN5Image5zerosEii
FN:412,_ZN5Image4onesEii
FN:425,_ZNK5ImageeqERKS_
FN:445,_ZNK5ImageneERKS_
FNDA:0,_ZN4SizeC2Ev
FNDA:16,_ZN4SizeC2Eii
FNDA:4820466,_ZNK4Size5widthEv
FNDA:15695,_ZNK4Size6heightEv
FNDA:3,_ZN5ImageC2Ev
FNDA:11,_ZNK4SizeeqERKS_
FNDA:11,_ZNK4SizeneERKS_
FNDA:10,_ZN5ImageC2Eii
FNDA:7,_ZN5ImageC2ERKS_
FNDA:20,_ZN5ImageD2Ev
FNDA:6,_ZN5ImageaSERKS_
FNDA:307680,_ZNK5Image5widthEv
FNDA:481,_ZNK5Image6heightEv
FNDA:0,_ZNK5Image4sizeEv
FNDA:1,_ZNK5Image4saveERKNSt3__112basic_stringIcNS0_11char_traitsIcEENS0_9allocatorIcEEEE
FNDA:2,_ZN5Image4loadERKNSt3__112basic_stringIcNS0_11char_traitsIcEENS0_9allocatorIcEEEE
FNDA:1,_ZlsRNSt3__113basic_ostreamIcNS_11char_traitsIcEEEERK5Image
FNDA:1,_ZrsRNSt3__113basic_istreamIcNS_11char_traitsIcEEEER5Image
FNDA:1,_ZNK5ImageplERKS_
FNDA:1,_ZNK5ImagemiERKS_
FNDA:2,_ZN5ImagepLERKS_
FNDA:1,_ZN5ImagemIERKS_
FNDA:1,_ZNK5ImagemlEi
FNDA:2,_ZNK5ImageplEi
FNDA:1,_ZNK5ImagemiEi
FNDA:1,_ZN5ImagepLEi
FNDA:1,_ZN5ImagemIEi
FNDA:1,_ZNK5ImagemLEi
FNDA:0,_ZNK5Image5emptyEv
FNDA:0,_ZN5Image2atEii
FNDA:0,_ZN5Image2atERK5Point
FNDA:0,_ZN5Image3rowEi
FNDA:29,_ZN5Image7releaseEv
FNDA:0,_ZNK5Image3ROIEiiii
FNDA:0,_ZNK5Image3ROIERK9Rectangle
FNDA:2,_ZN5Image5zerosEii
FNDA:1,_ZN5Image4onesEii
FNDA:11,_ZNK5ImageeqERKS_
FNDA:3,_ZNK5ImageneERKS_
FNF:39
FNH:31
DA:9,0
DA:10,16
DA:11,4820466
DA:12,15695
DA:13,3
DA:16,11
DA:17,11
DA:18,11
DA:21,11
DA:22,11
DA:23,11
DA:25,10
DA:26,10
DA:27,10
DA:28,1770
DA:29,1760
DA:30,1760
DA:31,1760
DA:32,10
DA:34,7
DA:35,7
DA:36,7
DA:37,2227
DA:38,2220
DA:39,2220
DA:40,1261020
DA:41,1258800
DA:42,1258800
DA:43,1258800
DA:44,2220
DA:45,7
DA:48,20
DA:49,20
DA:50,20
DA:53,6
DA:54,6
DA:55,6
DA:56,6
DA:57,6
DA:58,6
DA:59,986
DA:60,980
DA:61,980
DA:62,358180
DA:63,357200
DA:64,357200
DA:65,357200
DA:66,980
DA:67,6
DA:68,6
DA:69,6
DA:71,307680
DA:72,481
DA:73,0
DA:76,1
DA:77,1
DA:78,1
DA:79,0
DA:80,0
DA:81,0
DA:82,1
DA:83,1
DA:84,1
DA:85,1
DA:86,481
DA:87,480
DA:88,307680
DA:89,307200
DA:90,307200
DA:91,307200
DA:92,307200
DA:93,18070
DA:94,18070
DA:95,18070
DA:96,307200
DA:97,480
DA:98,1
DA:99,1
DA:102,2
DA:103,2
DA:104,2
DA:105,0
DA:106,0
DA:107,0
DA:108,2
DA:109,2
DA:110,2
DA:111,0
DA:112,0
DA:113,0
DA:114,2
DA:115,2
DA:117,2
DA:119,2
DA:121,2
DA:122,0
DA:123,0
DA:124,0
DA:125,2
DA:126,2
DA:127,2
DA:128,962
DA:129,960
DA:130,960
DA:131,615360
DA:132,614400
DA:133,614400
DA:135,614400
DA:136,614400
DA:137,960
DA:138,2
DA:139,2
DA:142,1
DA:143,1
DA:144,1
DA:145,1
DA:146,1
DA:147,481
DA:148,480
DA:149,307680
DA:150,307200
DA:151,307200
DA:152,307200
DA:153,307200
DA:154,18070
DA:155,18070
DA:156,18070
DA:157,307200
DA:158,480
DA:159,1
DA:160,1
DA:163,1
DA:164,1
DA:165,1
DA:166,1
DA:167,0
DA:168,0
DA:169,0
DA:170,1
DA:171,1
DA:172,1
DA:173,1
DA:174,1
DA:175,0
DA:176,0
DA:177,0
DA:178,1
DA:179,1
DA:180,1
DA:181,481
DA:182,480
DA:183,480
DA:184,307680
DA:185,307200
DA:186,307200
DA:187,307200
DA:188,307200
DA:189,480
DA:190,1
DA:191,1
DA:194,1
DA:195,1
DA:196,0
DA:197,0
DA:198,0
DA:199,1
DA:200,481
DA:201,480
DA:202,307680
DA:203,307200
DA:205,307200
DA:206,307200
DA:207,480
DA:208,1
DA:209,1
DA:212,1
DA:213,1
DA:214,0
DA:215,0
DA:216,0
DA:217,1
DA:218,101
DA:219,100
DA:220,10100
DA:221,10000
DA:222,10000
DA:223,10000
DA:224,100
DA:225,1
DA:226,1
DA:229,2
DA:230,2
DA:231,0
DA:232,0
DA:233,0
DA:234,582
DA:235,580
DA:236,317780
DA:237,317200
DA:238,317200
DA:239,317200
DA:240,580
DA:241,2
DA:242,2
DA:245,1
DA:246,1
DA:247,0
DA:248,0
DA:249,0
DA:250,481
DA:251,480
DA:252,307680
DA:253,307200
DA:254,307200
DA:255,307200
DA:256,480
DA:257,1
DA:258,1
DA:261,1
DA:262,1
DA:263,481
DA:264,480
DA:265,307680
DA:266,307200
DA:267,307200
DA:268,307200
DA:269,480
DA:270,1
DA:271,1
DA:274,2
DA:275,2
DA:276,202
DA:277,200
DA:278,20200
DA:279,20000
DA:280,20000
DA:281,20000
DA:282,200
DA:283,2
DA:284,2
DA:287,1
DA:288,1
DA:289,101
DA:290,100
DA:291,10100
DA:292,10000
DA:293,10000
DA:294,10000
DA:295,100
DA:296,1
DA:297,1
DA:300,1
DA:301,101
DA:302,100
DA:303,10100
DA:304,10000
DA:305,10000
DA:306,10000
DA:307,100
DA:308,1
DA:309,1
DA:312,1
DA:313,101
DA:314,100
DA:315,10100
DA:316,10000
DA:317,10000
DA:318,10000
DA:319,100
DA:320,1
DA:321,1
DA:324,1
DA:325,481
DA:326,480
DA:327,307680
DA:328,307200
DA:329,307200
DA:330,307200
DA:331,480
DA:332,1
DA:333,1
DA:336,0
DA:337,0
DA:338,0
DA:341,0
DA:342,0
DA:343,0
DA:344,0
DA:345,0
DA:346,0
DA:347,0
DA:350,0
DA:351,0
DA:352,0
DA:355,0
DA:356,0
DA:357,0
DA:358,0
DA:359,0
DA:360,0
DA:361,0
DA:364,29
DA:365,29
DA:366,26
DA:367,6426
DA:368,6400
DA:369,6400
DA:370,6400
DA:371,26
DA:372,26
DA:373,26
DA:374,29
DA:377,0
DA:378,0
DA:379,0
DA:380,0
DA:381,0
DA:382,0
DA:383,0
DA:384,0
DA:385,0
DA:386,0
DA:387,0
DA:388,0
DA:389,0
DA:390,0
DA:391,0
DA:394,0
DA:395,0
DA:396,0
DA:399,2
DA:400,2
DA:401,202
DA:402,200
DA:403,20200
DA:404,20000
DA:405,20000
DA:406,20000
DA:407,200
DA:408,2
DA:409,2
DA:412,1
DA:413,1
DA:414,101
DA:415,100
DA:416,10100
DA:417,10000
DA:418,10000
DA:419,10000
DA:420,100
DA:421,1
DA:422,1
DA:425,11
DA:426,11
DA:427,0
DA:428,0
DA:429,0
DA:431,1951
DA:432,1943
DA:433,973588
DA:434,971648
DA:435,971648
DA:436,3
DA:437,3
DA:438,3
DA:439,971648
DA:440,1943
DA:441,8
DA:442,11
DA:445,3
DA:446,3
DA:447,3
BRDA:17,0,0,11
BRDA:17,0,1,0
BRDA:17,1,2,11
BRDA:17,1,3,0
BRDA:28,0,0,1760
BRDA:28,0,1,10
BRDA:37,0,0,2220
BRDA:37,0,1,7
BRDA:40,0,0,1258800
BRDA:40,0,1,2220
BRDA:54,0,0,6
BRDA:54,0,1,0
BRDA:59,0,0,980
BRDA:59,0,1,6
BRDA:62,0,0,357200
BRDA:62,0,1,980
BRDA:78,0,0,0
BRDA:78,0,1,1
BRDA:86,0,0,480
BRDA:86,0,1,1
BRDA:88,0,0,307200
BRDA:88,0,1,480
BRDA:92,0,0,307200
BRDA:92,0,1,0
BRDA:92,1,2,18070
BRDA:92,1,3,289130
BRDA:104,0,0,0
BRDA:104,0,1,2
BRDA:110,0,0,0
BRDA:110,0,1,2
BRDA:110,1,2,0
BRDA:110,1,3,2
BRDA:121,0,0,0
BRDA:121,0,1,2
BRDA:121,1,2,0
BRDA:121,1,3,2
BRDA:121,2,4,0
BRDA:121,2,5,2
BRDA:128,0,0,960
BRDA:128,0,1,2
BRDA:131,0,0,614400
BRDA:131,0,1,960
BRDA:147,0,0,480
BRDA:147,0,1,1
BRDA:149,0,0,307200
BRDA:149,0,1,480
BRDA:153,0,0,307200
BRDA:153,0,1,0
BRDA:153,1,2,18070
BRDA:153,1,3,289130
BRDA:166,0,0,0
BRDA:166,0,1,1
BRDA:166,1,2,0
BRDA:166,1,3,1
BRDA:174,0,0,0
BRDA:174,0,1,1
BRDA:174,1,2,0
BRDA:174,1,3,1
BRDA:174,2,4,0
BRDA:174,2,5,1
BRDA:181,0,0,480
BRDA:181,0,1,1
BRDA:184,0,0,307200
BRDA:184,0,1,480
BRDA:195,0,0,0
BRDA:195,0,1,1
BRDA:195,1,2,0
BRDA:195,1,3,1
BRDA:200,0,0,480
BRDA:200,0,1,1
BRDA:202,0,0,307200
BRDA:202,0,1,480
BRDA:213,0,0,0
BRDA:213,0,1,1
BRDA:213,1,2,0
BRDA:213,1,3,1
BRDA:218,0,0,100
BRDA:218,0,1,1
BRDA:220,0,0,10000
BRDA:220,0,1,100
BRDA:230,0,0,0
BRDA:230,0,1,2
BRDA:230,1,2,0
BRDA:230,1,3,2
BRDA:234,0,0,580
BRDA:234,0,1,2
BRDA:236,0,0,317200
BRDA:236,0,1,580
BRDA:246,0,0,0
BRDA:246,0,1,1
BRDA:246,1,2,0
BRDA:246,1,3,1
BRDA:250,0,0,480
BRDA:250,0,1,1
BRDA:252,0,0,307200
BRDA:252,0,1,480
BRDA:263,0,0,480
BRDA:263,0,1,1
BRDA:265,0,0,307200
BRDA:265,0,1,480
BRDA:276,0,0,200
BRDA:276,0,1,2
BRDA:278,0,0,20000
BRDA:278,0,1,200
BRDA:289,0,0,100
BRDA:289,0,1,1
BRDA:291,0,0,10000
BRDA:291,0,1,100
BRDA:301,0,0,100
BRDA:301,0,1,1
BRDA:303,0,0,10000
BRDA:303,0,1,100
BRDA:313,0,0,100
BRDA:313,0,1,1
BRDA:315,0,0,10000
BRDA:315,0,1,100
BRDA:325,0,0,480
BRDA:325,0,1,1
BRDA:327,0,0,307200
BRDA:327,0,1,480
BRDA:337,0,0,-
BRDA:337,0,1,-
BRDA:337,1,2,-
BRDA:337,1,3,-
BRDA:342,0,0,-
BRDA:342,0,1,-
BRDA:342,1,2,-
BRDA:342,1,3,-
BRDA:342,2,4,-
BRDA:342,2,5,-
BRDA:342,3,6,-
BRDA:342,3,7,-
BRDA:356,0,0,-
BRDA:356,0,1,-
BRDA:356,1,2,-
BRDA:356,1,3,-
BRDA:365,0,0,26
BRDA:365,0,1,3
BRDA:367,0,0,6400
BRDA:367,0,1,26
BRDA:378,0,0,-
BRDA:378,0,1,-
BRDA:378,1,2,-
BRDA:378,1,3,-
BRDA:378,2,4,-
BRDA:378,2,5,-
BRDA:378,3,6,-
BRDA:378,3,7,-
BRDA:378,4,8,-
BRDA:378,4,9,-
BRDA:378,5,10,-
BRDA:378,5,11,-
BRDA:383,0,0,-
BRDA:383,0,1,-
BRDA:385,0,0,-
BRDA:385,0,1,-
BRDA:401,0,0,200
BRDA:401,0,1,2
BRDA:403,0,0,20000
BRDA:403,0,1,200
BRDA:414,0,0,100
BRDA:414,0,1,1
BRDA:416,0,0,10000
BRDA:416,0,1,100
BRDA:426,0,0,0
BRDA:426,0,1,11
BRDA:431,0,0,1943
BRDA:431,0,1,8
BRDA:433,0,0,971648
BRDA:433,0,1,1940
BRDA:435,0,0,3
BRDA:435,0,1,971645
BRF:172
BRH:114
LF:372
LH:299
end_of_record
SF:/Users/robert/Desktop/UBB/Semestru 2/OOP/bonus/3/src/main.cpp
FN:8,main
FNDA:1,main
FNF:1
FNH:1
DA:8,1
DA:9,1
DA:10,1
BRF:0
BRH:0
LF:3
LH:3
end_of_record
SF:/Users/robert/Desktop/UBB/Semestru 2/OOP/bonus/3/src/reader.cpp
FN:5,_ZN6ReaderC2ERKNSt3__113basic_istreamIcNS0_11char_traitsIcEEEE
FN:11,_ZN6Reader4nextEv
FN:17,_ZN6Reader7nextIntEv
FNDA:3,_ZN6ReaderC2ERKNSt3__113basic_istreamIcNS0_11char_traitsIcEEEE
FNDA:54222,_ZN6Reader4nextEv
FNDA:921609,_ZN6Reader7nextIntEv
FNF:3
FNH:3
DA:5,3
DA:6,3
DA:7,3
DA:8,3
DA:11,54222
DA:12,54222
DA:13,54222
DA:14,54222
DA:17,921609
DA:18,3215166
DA:19,3215166
DA:20,3215166
DA:21,54216
DA:22,54216
DA:23,54216
DA:24,3160950
DA:25,3
DA:26,3
DA:27,3
DA:28,3160947
DA:29,921609
DA:30,921609
DA:31,921609
DA:32,921609
DA:33,921609
DA:34,921609
DA:35,921609
DA:36,2239338
DA:37,2239338
DA:38,2239338
DA:39,2239338
DA:40,3215166
DA:41,921609
BRDA:20,0,0,54216
BRDA:20,0,1,3160950
BRDA:24,0,0,3
BRDA:24,0,1,3160947
BRDA:28,0,0,921609
BRDA:28,0,1,2239338
BRDA:28,1,2,921609
BRDA:28,1,3,0
BRF:8
BRH:7
LF:33
LH:33
end_of_record
SF:/Users/robert/Desktop/UBB/Semestru 2/OOP/bonus/3/src/test.cpp
FN:10,_Z7testAllv
FN:17,_Z15testIOFunctionsv
FN:24,_Z12testIOStreamv
FN:45,_Z13testOperatorsv
FNDA:1,_Z7testAllv
FNDA:1,_Z15testIOFunctionsv
FNDA:1,_Z12testIOStreamv
FNDA:1,_Z13testOperatorsv
FNF:4
FNH:4
DA:10,1
DA:11,1
DA:12,1
DA:13,1
DA:14,1
DA:17,1
DA:18,1
DA:19,1
DA:20,1
DA:21,1
DA:24,1
DA:25,1
DA:26,1
DA:27,0
DA:28,0
DA:29,0
DA:30,0
DA:31,1
DA:32,1
DA:33,1
DA:34,1
DA:35,0
DA:36,0
DA:37,0
DA:38,0
DA:39,1
DA:40,1
DA:41,1
DA:42,1
DA:45,1
DA:46,1
DA:47,1
DA:48,1
DA:49,1
DA:50,1
DA:51,1
DA:52,1
DA:53,1
DA:54,1
DA:55,1
DA:56,1
DA:57,1
DA:58,1
DA:59,1
DA:60,1
DA:61,1
DA:62,1
DA:63,1
DA:64,1
DA:65,1
DA:66,1
DA:67,1
DA:68,1
DA:69,1
DA:70,1
DA:71,1
DA:72,1
DA:74,1
BRDA:26,0,0,0
BRDA:26,0,1,1
BRDA:34,0,0,0
BRDA:34,0,1,1
BRDA:49,0,0,0
BRDA:49,0,1,1
BRDA:51,0,0,0
BRDA:51,0,1,1
BRDA:54,0,0,0
BRDA:54,0,1,1
BRDA:55,0,0,0
BRDA:55,0,1,1
BRDA:57,0,0,0
BRDA:57,0,1,1
BRDA:59,0,0,0
BRDA:59,0,1,1
BRDA:64,0,0,0
BRDA:64,0,1,1
BRDA:66,0,0,0
BRDA:66,0,1,1
BRDA:68,0,0,0
BRDA:68,0,1,1
BRDA:70,0,0,0
BRDA:70,0,1,1
BRDA:73,0,0,0
BRDA:73,0,1,1
BRF:26
BRH:13
LF:58
LH:50
end_of_record
