SF:/Users/robert/Desktop/UBB/Semestru 2/OOP/bonus/3/include/geometry.h
FN:10,_ZN5PointC2Eii
FN:26,_ZN9RectangleC2ERK5PointS2_
FN:9,_ZN5PointC2Ev
FN:23,_ZN9RectangleC2Ev
FN:24,_ZN9RectangleC2Eiiii
FN:25,_ZN9RectangleC2ERK5Pointii
FNDA:19,_ZN5PointC2Eii
FNDA:3,_ZN9RectangleC2ERK5PointS2_
FNDA:0,_ZN5PointC2Ev
FNDA:0,_ZN9RectangleC2Ev
FNDA:4,_ZN9RectangleC2Eiiii
FNDA:0,_ZN9RectangleC2ERK5Pointii
FNF:6
FNH:3
DA:9,0
DA:10,19
DA:23,0
DA:24,4
DA:25,0
DA:26,3
BRF:0
BRH:0
LF:6
LH:3
end_of_record
SF:/Users/robert/Desktop/UBB/Semestru 2/OOP/bonus/3/include/imgprocessing.h
FN:17,_ZN18BrightnessContrastC2Ev
FN:28,_ZN15GammaCorrectionC2Ev
FNDA:0,_ZN18BrightnessContrastC2Ev
FNDA:0,_ZN15GammaCorrectionC2Ev
FNF:2
FNH:0
DA:17,0
DA:28,0
BRF:0
BRH:0
LF:2
LH:0
end_of_record
SF:/Users/robert/Desktop/UBB/Semestru 2/OOP/bonus/3/src/drawer.cpp
FN:4,_ZN6Drawer8distanceEiiii
FN:9,_ZN6Drawer10drawCircleER5ImageRK5Pointih
FN:23,_ZN6Drawer8drawLineER5ImageRK5PointS4_h
FN:45,_ZN6Drawer13drawRectangleER5ImageRK9Rectangleh
FN:53,_ZN6Drawer13drawRectangleER5ImageRK5PointS4_h
FNDA:307200,_ZN6Drawer8distanceEiiii
FNDA:1,_ZN6Drawer10drawCircleER5ImageRK5Pointih
FNDA:5,_ZN6Drawer8drawLineER5ImageRK5PointS4_h
FNDA:1,_ZN6Drawer13drawRectangleER5ImageRK9Rectangleh
FNDA:1,_ZN6Drawer13drawRectangleER5ImageRK5PointS4_h
FNF:5
FNH:5
DA:4,307200
DA:5,307200
DA:6,307200
DA:9,1
DA:10,481
DA:11,480
DA:12,307680
DA:13,307200
DA:14,307200
DA:15,608
DA:16,608
DA:17,608
DA:18,307200
DA:19,480
DA:20,1
DA:23,5
DA:24,5
DA:25,5
DA:27,5
DA:28,5
DA:29,5
DA:31,5
DA:32,5
DA:36,1371
DA:37,1366
DA:38,1366
DA:39,1366
DA:40,1366
DA:41,1366
DA:42,5
DA:45,1
DA:46,1
DA:47,1
DA:48,1
DA:49,1
DA:50,1
DA:53,1
DA:54,1
DA:55,1
BRDA:10,0,0,480
BRDA:10,0,1,1
BRDA:12,0,0,307200
BRDA:12,0,1,480
BRDA:14,0,0,608
BRDA:14,0,1,306592
BRDA:36,0,0,1371
BRDA:36,0,1,0
BRDA:36,1,2,1371
BRDA:36,1,3,0
BRDA:36,2,4,1371
BRDA:36,2,5,0
BRDA:36,3,6,1371
BRDA:36,3,7,0
BRDA:36,4,8,405
BRDA:36,4,9,966
BRDA:36,5,10,5
BRDA:36,5,11,400
BRF:18
BRH:14
LF:39
LH:39
end_of_record
SF:/Users/robert/Desktop/UBB/Semestru 2/OOP/bonus/3/src/geometry.cpp
FN:4,_ZlsRNSt3__113basic_ostreamIcNS_11char_traitsIcEEEERK5Point
FN:10,_ZrsRNSt3__113basic_istreamIcNS_11char_traitsIcEEEER5Point
FN:16,_ZlsRNSt3__113basic_ostreamIcNS_11char_traitsIcEEEERK9Rectangle
FN:22,_ZrsRNSt3__113basic_istreamIcNS_11char_traitsIcEEEER9Rectangle
FN:28,_ZNK5PointltERKS_
FN:33,_ZNK9Rectangle10getCornersEv
FN:38,_ZNK9RectangleplEi
FN:43,_ZNK9RectanglemiEi
FN:48,_ZNK9RectangleanERKS_
FN:63,_ZNK9RectangleorERKS_
FN:74,_ZNK9RectangleeqERKS_
FN:79,_ZNK5PointeqERKS_
FNDA:0,_ZlsRNSt3__113basic_ostreamIcNS_11char_traitsIcEEEERK5Point
FNDA:0,_ZrsRNSt3__113basic_istreamIcNS_11char_traitsIcEEEER5Point
FNDA:0,_ZlsRNSt3__113basic_ostreamIcNS_11char_traitsIcEEEERK9Rectangle
FNDA:0,_ZrsRNSt3__113basic_istreamIcNS_11char_traitsIcEEEER9Rectangle
FNDA:3,_ZNK5PointltERKS_
FNDA:4,_ZNK9Rectangle10getCornersEv
FNDA:0,_ZNK9RectangleplEi
FNDA:0,_ZNK9RectanglemiEi
FNDA:1,_ZNK9RectangleanERKS_
FNDA:1,_ZNK9RectangleorERKS_
FNDA:3,_ZNK9RectangleeqERKS_
FNDA:3,_ZNK5PointeqERKS_
FNF:12
FNH:6
DA:4,0
DA:5,0
DA:6,0
DA:7,0
DA:10,0
DA:11,0
DA:12,0
DA:13,0
DA:16,0
DA:17,0
DA:18,0
DA:19,0
DA:22,0
DA:23,0
DA:24,0
DA:25,0
DA:28,3
DA:29,3
DA:30,3
DA:33,4
DA:34,4
DA:35,4
DA:38,0
DA:39,0
DA:40,0
DA:43,0
DA:44,0
DA:45,0
DA:48,1
DA:49,1
DA:50,1
DA:51,1
DA:52,0
DA:53,0
DA:54,0
DA:55,1
DA:56,0
DA:57,0
DA:58,0
DA:59,1
DA:60,1
DA:63,1
DA:64,1
DA:65,1
DA:66,1
DA:67,0
DA:68,0
DA:69,0
DA:70,1
DA:71,1
DA:74,3
DA:75,3
DA:76,3
DA:79,3
DA:80,3
DA:81,3
BRDA:29,0,0,0
BRDA:29,0,1,3
BRDA:29,1,2,0
BRDA:29,1,3,3
BRDA:29,2,4,-
BRDA:29,2,5,-
BRDA:51,0,0,0
BRDA:51,0,1,1
BRDA:55,0,0,0
BRDA:55,0,1,1
BRDA:66,0,0,0
BRDA:66,0,1,1
BRDA:75,0,0,3
BRDA:75,0,1,0
BRDA:75,1,2,3
BRDA:75,1,3,0
BRDA:75,2,4,3
BRDA:75,2,5,0
BRDA:80,0,0,3
BRDA:80,0,1,0
BRDA:80,1,2,3
BRDA:80,1,3,0
BRF:22
BRH:10
LF:56
LH:25
end_of_record
SF:/Users/robert/Desktop/UBB/Semestru 2/OOP/bonus/3/src/image.cpp
FN:9,_ZN4SizeC2Ev
FN:10,_ZN4SizeC2Eii
FN:11,_ZNK4Size5widthEv
FN:12,_ZNK4Size6heightEv
FN:13,_ZN5ImageC2Ev
FN:16,_ZNK4SizeeqERKS_
FN:21,_ZNK4SizeneERKS_
FN:25,_ZN5ImageC2Eii
FN:34,_ZN5ImageC2ERKS_
FN:49,_ZN5ImageD2Ev
FN:54,_ZN5ImageaSERKS_
FN:73,_ZNK5Image5widthEv
FN:74,_ZNK5Image6heightEv
FN:75,_ZNK5Image4sizeEv
FN:78,_ZNK5Image4saveERKNSt3__112basic_stringIcNS0_11char_traitsIcEENS0_9allocatorIcEEEE
FN:104,_ZN5Image4loadERKNSt3__112basic_stringIcNS0_11char_traitsIcEENS0_9allocatorIcEEEE
FN:144,_ZlsRNSt3__113basic_ostreamIcNS_11char_traitsIcEEEERK5Image
FN:165,_ZrsRNSt3__113basic_istreamIcNS_11char_traitsIcEEEER5Image
FN:196,_ZNK5ImageplERKS_
FN:214,_ZNK5ImagemiERKS_
FN:231,_ZN5ImagepLERKS_
FN:247,_ZN5ImagemIERKS_
FN:263,_ZNK5ImagemlEi
FN:276,_ZNK5ImageplEi
FN:289,_ZNK5ImagemiEi
FN:302,_ZN5ImagepLEi
FN:314,_ZN5ImagemIEi
FN:326,_ZNK5ImagemLEi
FN:338,_ZNK5Image5emptyEv
FN:343,_ZN5Image2atEii
FN:352,_ZN5Image2atERK5Point
FN:357,_ZNK5Image5getAtEiib
FN:373,_ZNK5Image5getAtERK5Pointb
FN:378,_ZN5Image3rowEi
FN:387,_ZN5Image7releaseEv
FN:400,_ZNK5Image3ROIEiiii
FN:417,_ZNK5Image3ROIERK9Rectangle
FN:422,_ZN5Image5zerosEii
FN:435,_ZN5Image4onesEii
FN:448,_ZNK5ImageeqERKS_
FN:468,_ZNK5ImageneERKS_
FNDA:0,_ZN4SizeC2Ev
FNDA:24,_ZN4SizeC2Eii
FNDA:29102230,_ZNK4Size5widthEv
FNDA:15989299,_ZNK4Size6heightEv
FNDA:4,_ZN5ImageC2Ev
FNDA:11,_ZNK4SizeeqERKS_
FNDA:11,_ZNK4SizeneERKS_
FNDA:13,_ZN5ImageC2Eii
FNDA:8,_ZN5ImageC2ERKS_
FNDA:25,_ZN5ImageD2Ev
FNDA:13,_ZN5ImageaSERKS_
FNDA:2462811,_ZNK5Image5widthEv
FNDA:5219,_ZNK5Image6heightEv
FNDA:0,_ZNK5Image4sizeEv
FNDA:11,_ZNK5Image4saveERKNSt3__112basic_stringIcNS0_11char_traitsIcEENS0_9allocatorIcEEEE
FNDA:6,_ZN5Image4loadERKNSt3__112basic_stringIcNS0_11char_traitsIcEENS0_9allocatorIcEEEE
FNDA:1,_ZlsRNSt3__113basic_ostreamIcNS_11char_traitsIcEEEERK5Image
FNDA:1,_ZrsRNSt3__113basic_istreamIcNS_11char_traitsIcEEEER5Image
FNDA:1,_ZNK5ImageplERKS_
FNDA:1,_ZNK5ImagemiERKS_
FNDA:2,_ZN5ImagepLERKS_
FNDA:1,_ZN5ImagemIERKS_
FNDA:2,_ZNK5ImagemlEi
FNDA:3,_ZNK5ImageplEi
FNDA:1,_ZNK5ImagemiEi
FNDA:1,_ZN5ImagepLEi
FNDA:1,_ZN5ImagemIEi
FNDA:1,_ZNK5ImagemLEi
FNDA:7,_ZNK5Image5emptyEv
FNDA:1845174,_ZN5Image2atEii
FNDA:0,_ZN5Image2atERK5Point
FNDA:14131200,_ZNK5Image5getAtEiib
FNDA:0,_ZNK5Image5getAtERK5Pointb
FNDA:0,_ZN5Image3rowEi
FNDA:45,_ZN5Image7releaseEv
FNDA:0,_ZNK5Image3ROIEiiii
FNDA:0,_ZNK5Image3ROIERK9Rectangle
FNDA:2,_ZN5Image5zerosEii
FNDA:1,_ZN5Image4onesEii
FNDA:11,_ZNK5ImageeqERKS_
FNDA:3,_ZNK5ImageneERKS_
FNF:41
FNH:34
DA:9,0
DA:10,24
DA:11,29102230
DA:12,15989299
DA:13,4
DA:16,11
DA:17,11
DA:18,11
DA:21,11
DA:22,11
DA:23,11
DA:25,13
DA:26,13
DA:27,13
DA:28,2833
DA:29,2820
DA:30,2820
DA:31,2820
DA:32,13
DA:34,8
DA:35,8
DA:36,8
DA:37,8
DA:38,2708
DA:39,2700
DA:40,2700
DA:41,1568700
DA:42,1566000
DA:43,1566000
DA:44,1566000
DA:45,2700
DA:46,8
DA:49,25
DA:50,25
DA:51,25
DA:54,13
DA:55,13
DA:56,13
DA:57,13
DA:58,13
DA:59,13
DA:60,13
DA:61,4353
DA:62,4340
DA:63,4340
DA:64,2511940
DA:65,2507600
DA:66,2507600
DA:67,2507600
DA:68,4340
DA:69,13
DA:70,13
DA:71,13
DA:73,2462811
DA:74,5219
DA:75,0
DA:78,11
DA:79,11
DA:80,11
DA:81,0
DA:82,0
DA:83,0
DA:84,11
DA:85,11
DA:86,11
DA:87,11
DA:88,5291
DA:89,5280
DA:90,3384480
DA:91,3379200
DA:92,3379200
DA:93,3379200
DA:94,3379200
DA:95,198770
DA:96,198770
DA:97,198770
DA:98,3379200
DA:99,5280
DA:100,11
DA:101,11
DA:104,6
DA:105,6
DA:106,6
DA:107,0
DA:108,0
DA:109,0
DA:110,6
DA:111,6
DA:112,6
DA:113,0
DA:114,0
DA:115,0
DA:116,6
DA:117,6
DA:119,6
DA:121,6
DA:123,6
DA:124,0
DA:125,0
DA:126,0
DA:127,6
DA:128,6
DA:129,6
DA:130,2886
DA:131,2880
DA:132,2880
DA:133,1846080
DA:134,1843200
DA:135,1843200
DA:137,1843200
DA:138,1843200
DA:139,2880
DA:140,6
DA:141,6
DA:144,1
DA:145,1
DA:146,1
DA:147,1
DA:148,1
DA:149,481
DA:150,480
DA:151,307680
DA:152,307200
DA:153,307200
DA:154,307200
DA:155,307200
DA:156,18070
DA:157,18070
DA:158,18070
DA:159,307200
DA:160,480
DA:161,1
DA:162,1
DA:165,1
DA:166,1
DA:167,1
DA:168,1
DA:169,0
DA:170,0
DA:171,0
DA:172,1
DA:173,1
DA:174,1
DA:175,1
DA:176,1
DA:177,0
DA:178,0
DA:179,0
DA:180,1
DA:181,1
DA:182,1
DA:183,481
DA:184,480
DA:185,480
DA:186,307680
DA:187,307200
DA:188,307200
DA:189,307200
DA:190,307200
DA:191,480
DA:192,1
DA:193,1
DA:196,1
DA:197,1
DA:198,0
DA:199,0
DA:200,0
DA:201,1
DA:202,481
DA:203,480
DA:204,307680
DA:205,307200
DA:207,307200
DA:208,307200
DA:209,480
DA:210,1
DA:211,1
DA:214,1
DA:215,1
DA:216,0
DA:217,0
DA:218,0
DA:219,1
DA:220,101
DA:221,100
DA:222,10100
DA:223,10000
DA:224,10000
DA:225,10000
DA:226,100
DA:227,1
DA:228,1
DA:231,2
DA:232,2
DA:233,0
DA:234,0
DA:235,0
DA:236,582
DA:237,580
DA:238,317780
DA:239,317200
DA:240,317200
DA:241,317200
DA:242,580
DA:243,2
DA:244,2
DA:247,1
DA:248,1
DA:249,0
DA:250,0
DA:251,0
DA:252,481
DA:253,480
DA:254,307680
DA:255,307200
DA:256,307200
DA:257,307200
DA:258,480
DA:259,1
DA:260,1
DA:263,2
DA:264,2
DA:265,962
DA:266,960
DA:267,615360
DA:268,614400
DA:269,614400
DA:270,614400
DA:271,960
DA:272,2
DA:273,2
DA:276,3
DA:277,3
DA:278,683
DA:279,680
DA:280,327880
DA:281,327200
DA:282,327200
DA:283,327200
DA:284,680
DA:285,3
DA:286,3
DA:289,1
DA:290,1
DA:291,101
DA:292,100
DA:293,10100
DA:294,10000
DA:295,10000
DA:296,10000
DA:297,100
DA:298,1
DA:299,1
DA:302,1
DA:303,101
DA:304,100
DA:305,10100
DA:306,10000
DA:307,10000
DA:308,10000
DA:309,100
DA:310,1
DA:311,1
DA:314,1
DA:315,101
DA:316,100
DA:317,10100
DA:318,10000
DA:319,10000
DA:320,10000
DA:321,100
DA:322,1
DA:323,1
DA:326,1
DA:327,481
DA:328,480
DA:329,307680
DA:330,307200
DA:331,307200
DA:332,307200
DA:333,480
DA:334,1
DA:335,1
DA:338,7
DA:339,7
DA:340,7
DA:343,1845174
DA:344,1845174
DA:345,0
DA:346,0
DA:347,0
DA:348,1845174
DA:349,1845174
DA:352,0
DA:353,0
DA:354,0
DA:357,14131200
DA:358,14131200
DA:359,33580
DA:360,33580
DA:361,33580
DA:362,33580
DA:363,33580
DA:364,0
DA:365,0
DA:366,0
DA:367,0
DA:368,33580
DA:369,14097620
DA:370,14131200
DA:373,0
DA:374,0
DA:375,0
DA:378,0
DA:379,0
DA:380,0
DA:381,0
DA:382,0
DA:383,0
DA:384,0
DA:387,45
DA:388,45
DA:389,41
DA:390,13261
DA:391,13220
DA:392,13220
DA:393,13220
DA:394,41
DA:395,41
DA:396,41
DA:397,45
DA:400,0
DA:401,0
DA:402,0
DA:403,0
DA:404,0
DA:405,0
DA:406,0
DA:407,0
DA:408,0
DA:409,0
DA:410,0
DA:411,0
DA:412,0
DA:413,0
DA:414,0
DA:417,0
DA:418,0
DA:419,0
DA:422,2
DA:423,2
DA:424,202
DA:425,200
DA:426,20200
DA:427,20000
DA:428,20000
DA:429,20000
DA:430,200
DA:431,2
DA:432,2
DA:435,1
DA:436,1
DA:437,101
DA:438,100
DA:439,10100
DA:440,10000
DA:441,10000
DA:442,10000
DA:443,100
DA:444,1
DA:445,1
DA:448,11
DA:449,11
DA:450,0
DA:451,0
DA:452,0
DA:454,1951
DA:455,1943
DA:456,973588
DA:457,971648
DA:458,971648
DA:459,3
DA:460,3
DA:461,3
DA:462,971648
DA:463,1943
DA:464,8
DA:465,11
DA:468,3
DA:469,3
DA:470,3
BRDA:17,0,0,11
BRDA:17,0,1,0
BRDA:17,1,2,11
BRDA:17,1,3,0
BRDA:28,0,0,2820
BRDA:28,0,1,13
BRDA:38,0,0,2700
BRDA:38,0,1,8
BRDA:41,0,0,1566000
BRDA:41,0,1,2700
BRDA:55,0,0,13
BRDA:55,0,1,0
BRDA:61,0,0,4340
BRDA:61,0,1,13
BRDA:64,0,0,2507600
BRDA:64,0,1,4340
BRDA:80,0,0,0
BRDA:80,0,1,11
BRDA:88,0,0,5280
BRDA:88,0,1,11
BRDA:90,0,0,3379200
BRDA:90,0,1,5280
BRDA:94,0,0,3379200
BRDA:94,0,1,0
BRDA:94,1,2,198770
BRDA:94,1,3,3180430
BRDA:106,0,0,0
BRDA:106,0,1,6
BRDA:112,0,0,0
BRDA:112,0,1,6
BRDA:112,1,2,0
BRDA:112,1,3,6
BRDA:123,0,0,0
BRDA:123,0,1,6
BRDA:123,1,2,0
BRDA:123,1,3,6
BRDA:123,2,4,0
BRDA:123,2,5,6
BRDA:130,0,0,2880
BRDA:130,0,1,6
BRDA:133,0,0,1843200
BRDA:133,0,1,2880
BRDA:149,0,0,480
BRDA:149,0,1,1
BRDA:151,0,0,307200
BRDA:151,0,1,480
BRDA:155,0,0,307200
BRDA:155,0,1,0
BRDA:155,1,2,18070
BRDA:155,1,3,289130
BRDA:168,0,0,0
BRDA:168,0,1,1
BRDA:168,1,2,0
BRDA:168,1,3,1
BRDA:176,0,0,0
BRDA:176,0,1,1
BRDA:176,1,2,0
BRDA:176,1,3,1
BRDA:176,2,4,0
BRDA:176,2,5,1
BRDA:183,0,0,480
BRDA:183,0,1,1
BRDA:186,0,0,307200
BRDA:186,0,1,480
BRDA:197,0,0,0
BRDA:197,0,1,1
BRDA:197,1,2,0
BRDA:197,1,3,1
BRDA:202,0,0,480
BRDA:202,0,1,1
BRDA:204,0,0,307200
BRDA:204,0,1,480
BRDA:215,0,0,0
BRDA:215,0,1,1
BRDA:215,1,2,0
BRDA:215,1,3,1
BRDA:220,0,0,100
BRDA:220,0,1,1
BRDA:222,0,0,10000
BRDA:222,0,1,100
BRDA:232,0,0,0
BRDA:232,0,1,2
BRDA:232,1,2,0
BRDA:232,1,3,2
BRDA:236,0,0,580
BRDA:236,0,1,2
BRDA:238,0,0,317200
BRDA:238,0,1,580
BRDA:248,0,0,0
BRDA:248,0,1,1
BRDA:248,1,2,0
BRDA:248,1,3,1
BRDA:252,0,0,480
BRDA:252,0,1,1
BRDA:254,0,0,307200
BRDA:254,0,1,480
BRDA:265,0,0,960
BRDA:265,0,1,2
BRDA:267,0,0,614400
BRDA:267,0,1,960
BRDA:278,0,0,680
BRDA:278,0,1,3
BRDA:280,0,0,327200
BRDA:280,0,1,680
BRDA:291,0,0,100
BRDA:291,0,1,1
BRDA:293,0,0,10000
BRDA:293,0,1,100
BRDA:303,0,0,100
BRDA:303,0,1,1
BRDA:305,0,0,10000
BRDA:305,0,1,100
BRDA:315,0,0,100
BRDA:315,0,1,1
BRDA:317,0,0,10000
BRDA:317,0,1,100
BRDA:327,0,0,480
BRDA:327,0,1,1
BRDA:329,0,0,307200
BRDA:329,0,1,480
BRDA:339,0,0,0
BRDA:339,0,1,7
BRDA:339,1,2,0
BRDA:339,1,3,7
BRDA:344,0,0,0
BRDA:344,0,1,1845174
BRDA:344,1,2,0
BRDA:344,1,3,1845174
BRDA:344,2,4,0
BRDA:344,2,5,1845174
BRDA:344,3,6,0
BRDA:344,3,7,1845174
BRDA:358,0,0,7200
BRDA:358,0,1,14124000
BRDA:358,1,2,7200
BRDA:358,1,3,14116800
BRDA:358,2,4,9590
BRDA:358,2,5,14107210
BRDA:358,3,6,9590
BRDA:358,3,7,14097620
BRDA:360,0,0,33580
BRDA:360,0,1,0
BRDA:379,0,0,-
BRDA:379,0,1,-
BRDA:379,1,2,-
BRDA:379,1,3,-
BRDA:388,0,0,41
BRDA:388,0,1,4
BRDA:390,0,0,13220
BRDA:390,0,1,41
BRDA:401,0,0,-
BRDA:401,0,1,-
BRDA:401,1,2,-
BRDA:401,1,3,-
BRDA:401,2,4,-
BRDA:401,2,5,-
BRDA:401,3,6,-
BRDA:401,3,7,-
BRDA:401,4,8,-
BRDA:401,4,9,-
BRDA:401,5,10,-
BRDA:401,5,11,-
BRDA:406,0,0,-
BRDA:406,0,1,-
BRDA:408,0,0,-
BRDA:408,0,1,-
BRDA:424,0,0,200
BRDA:424,0,1,2
BRDA:426,0,0,20000
BRDA:426,0,1,200
BRDA:437,0,0,100
BRDA:437,0,1,1
BRDA:439,0,0,10000
BRDA:439,0,1,100
BRDA:449,0,0,0
BRDA:449,0,1,11
BRDA:454,0,0,1943
BRDA:454,0,1,8
BRDA:456,0,0,971648
BRDA:456,0,1,1940
BRDA:458,0,0,3
BRDA:458,0,1,971645
BRF:182
BRH:129
LF:391
LH:318
end_of_record
SF:/Users/robert/Desktop/UBB/Semestru 2/OOP/bonus/3/src/imgprocessing.cpp
FN:6,_ZN18BrightnessContrastC2Edd
FN:15,_ZN18BrightnessContrast7processERK5ImageRS0_
FN:23,_ZN15GammaCorrectionC2Ed
FN:32,_ZN15GammaCorrection7processERK5ImageRS0_
FN:48,_ZN11ConvolutionC2Ev
FN:63,_ZN11ConvolutionC2E15ConvolutionType
FN:143,_ZN11Convolution7processERK5ImageRS0_
FN:59,imgprocessing.cpp:_ZZN11ConvolutionC1EvENK3$_0clEi
FN:77,imgprocessing.cpp:_ZZN11ConvolutionC1E15ConvolutionTypeENK3$_0clEi
FN:90,imgprocessing.cpp:_ZZN11ConvolutionC1E15ConvolutionTypeENK3$_1clEi
FN:103,imgprocessing.cpp:_ZZN11ConvolutionC1E15ConvolutionTypeENK3$_2clEi
FN:116,imgprocessing.cpp:_ZZN11ConvolutionC1E15ConvolutionTypeENK3$_3clEi
FN:133,imgprocessing.cpp:_ZZN11ConvolutionC1E15ConvolutionTypeENK3$_4clEi
FNDA:1,_ZN18BrightnessContrastC2Edd
FNDA:1,_ZN18BrightnessContrast7processERK5ImageRS0_
FNDA:1,_ZN15GammaCorrectionC2Ed
FNDA:1,_ZN15GammaCorrection7processERK5ImageRS0_
FNDA:0,_ZN11ConvolutionC2Ev
FNDA:5,_ZN11ConvolutionC2E15ConvolutionType
FNDA:5,_ZN11Convolution7processERK5ImageRS0_
FNDA:0,imgprocessing.cpp:_ZZN11ConvolutionC1EvENK3$_0clEi
FNDA:307200,imgprocessing.cpp:_ZZN11ConvolutionC1E15ConvolutionTypeENK3$_0clEi
FNDA:307200,imgprocessing.cpp:_ZZN11ConvolutionC1E15ConvolutionTypeENK3$_1clEi
FNDA:307200,imgprocessing.cpp:_ZZN11ConvolutionC1E15ConvolutionTypeENK3$_2clEi
FNDA:307200,imgprocessing.cpp:_ZZN11ConvolutionC1E15ConvolutionTypeENK3$_3clEi
FNDA:307200,imgprocessing.cpp:_ZZN11ConvolutionC1E15ConvolutionTypeENK3$_4clEi
FNF:13
FNH:11
DA:6,1
DA:7,1
DA:8,1
DA:9,0
DA:10,0
DA:11,0
DA:12,1
DA:15,1
DA:16,1
DA:17,0
DA:18,0
DA:19,0
DA:20,1
DA:21,1
DA:23,1
DA:24,1
DA:25,1
DA:26,0
DA:27,0
DA:28,0
DA:29,1
DA:32,1
DA:33,1
DA:34,0
DA:35,0
DA:36,0
DA:37,1
DA:38,481
DA:39,480
DA:40,307680
DA:41,307200
DA:42,307200
DA:43,307200
DA:44,480
DA:45,1
DA:48,0
DA:49,0
DA:50,0
DA:51,0
DA:52,0
DA:53,0
DA:54,0
DA:55,0
DA:56,0
DA:57,0
DA:58,0
DA:59,0
DA:60,0
DA:63,5
DA:64,5
DA:65,5
DA:66,1
DA:67,1
DA:68,1
DA:69,1
DA:70,1
DA:71,1
DA:72,1
DA:73,1
DA:74,1
DA:75,1
DA:76,1
DA:77,307200
DA:78,1
DA:79,1
DA:80,1
DA:81,1
DA:82,1
DA:83,1
DA:84,1
DA:85,1
DA:86,1
DA:87,1
DA:88,1
DA:89,1
DA:90,307200
DA:91,1
DA:92,1
DA:93,1
DA:94,1
DA:95,1
DA:96,1
DA:97,1
DA:98,1
DA:99,1
DA:100,1
DA:101,1
DA:102,1
DA:103,307200
DA:104,1
DA:105,1
DA:106,1
DA:107,1
DA:108,1
DA:109,1
DA:110,1
DA:111,1
DA:112,1
DA:113,1
DA:114,1
DA:115,1
DA:116,307200
DA:117,307200
DA:118,307200
DA:119,307200
DA:120,307200
DA:121,1
DA:122,1
DA:123,1
DA:124,1
DA:125,1
DA:126,1
DA:127,1
DA:128,1
DA:129,1
DA:130,1
DA:131,1
DA:132,1
DA:133,307200
DA:134,307200
DA:135,307200
DA:136,307200
DA:137,307200
DA:138,1
DA:139,5
DA:140,5
DA:143,5
DA:144,5
DA:145,0
DA:146,0
DA:147,0
DA:149,5
DA:151,2405
DA:152,2400
DA:153,1538400
DA:154,1536000
DA:155,1536000
DA:156,6144000
DA:157,4608000
DA:158,18432000
DA:159,13824000
DA:160,13824000
DA:161,13824000
DA:162,4608000
DA:163,1536000
DA:164,1536000
DA:165,2400
DA:166,5
BRDA:8,0,0,0
BRDA:8,0,1,1
BRDA:16,0,0,0
BRDA:16,0,1,1
BRDA:25,0,0,0
BRDA:25,0,1,1
BRDA:33,0,0,0
BRDA:33,0,1,1
BRDA:38,0,0,480
BRDA:38,0,1,1
BRDA:40,0,0,307200
BRDA:40,0,1,480
BRDA:64,0,0,0
BRDA:64,0,1,5
BRDA:66,0,0,1
BRDA:66,0,1,4
BRDA:79,0,0,1
BRDA:79,0,1,4
BRDA:92,0,0,1
BRDA:92,0,1,4
BRDA:105,0,0,1
BRDA:105,0,1,4
BRDA:122,0,0,1
BRDA:122,0,1,4
BRDA:144,0,0,0
BRDA:144,0,1,5
BRDA:151,0,0,2400
BRDA:151,0,1,5
BRDA:153,0,0,1536000
BRDA:153,0,1,2400
BRDA:156,0,0,4608000
BRDA:156,0,1,1536000
BRDA:158,0,0,13824000
BRDA:158,0,1,4608000
BRF:34
BRH:28
LF:162
LH:133
end_of_record
SF:/Users/robert/Desktop/UBB/Semestru 2/OOP/bonus/3/src/main.cpp
FN:9,main
FNDA:1,main
FNF:1
FNH:1
DA:9,1
DA:10,1
DA:11,1
BRF:0
BRH:0
LF:3
LH:3
end_of_record
SF:/Users/robert/Desktop/UBB/Semestru 2/OOP/bonus/3/src/reader.cpp
FN:5,_ZN6ReaderC2ERKNSt3__113basic_istreamIcNS0_11char_traitsIcEEEE
FN:11,_ZN6Reader4nextEv
FN:17,_ZN6Reader7nextIntEv
FNDA:7,_ZN6ReaderC2ERKNSt3__113basic_istreamIcNS0_11char_traitsIcEEEE
FNDA:126518,_ZN6Reader4nextEv
FNDA:2150421,_ZN6Reader7nextIntEv
FNF:3
FNH:3
DA:5,7
DA:6,7
DA:7,7
DA:8,7
DA:11,126518
DA:12,126518
DA:13,126518
DA:14,126518
DA:17,2150421
DA:18,7502054
DA:19,7502054
DA:20,7502054
DA:21,126504
DA:22,126504
DA:23,126504
DA:24,7375550
DA:25,7
DA:26,7
DA:27,7
DA:28,7375543
DA:29,2150421
DA:30,2150421
DA:31,2150421
DA:32,2150421
DA:33,2150421
DA:34,2150421
DA:35,2150421
DA:36,5225122
DA:37,5225122
DA:38,5225122
DA:39,5225122
DA:40,7502054
DA:41,2150421
BRDA:20,0,0,126504
BRDA:20,0,1,7375550
BRDA:24,0,0,7
BRDA:24,0,1,7375543
BRDA:28,0,0,2150421
BRDA:28,0,1,5225122
BRDA:28,1,2,2150421
BRDA:28,1,3,0
BRF:8
BRH:7
LF:33
LH:33
end_of_record
SF:/Users/robert/Desktop/UBB/Semestru 2/OOP/bonus/3/src/test.cpp
FN:12,_Z7testAllv
FN:22,_Z15testIOFunctionsv
FN:29,_Z12testIOStreamv
FN:50,_Z13testOperatorsv
FN:82,_Z19testImageProcessingv
FN:110,_Z10testDrawerv
FN:124,_Z12testGeometryv
FNDA:1,_Z7testAllv
FNDA:1,_Z15testIOFunctionsv
FNDA:1,_Z12testIOStreamv
FNDA:1,_Z13testOperatorsv
FNDA:1,_Z19testImageProcessingv
FNDA:1,_Z10testDrawerv
FNDA:1,_Z12testGeometryv
FNF:7
FNH:7
DA:12,1
DA:13,1
DA:14,1
DA:15,1
DA:16,1
DA:17,1
DA:18,1
DA:19,1
DA:22,1
DA:23,1
DA:24,1
DA:25,1
DA:26,1
DA:29,1
DA:30,1
DA:31,1
DA:32,0
DA:33,0
DA:34,0
DA:35,0
DA:36,1
DA:37,1
DA:38,1
DA:39,1
DA:40,0
DA:41,0
DA:42,0
DA:43,0
DA:44,1
DA:45,1
DA:46,1
DA:47,1
DA:50,1
DA:51,1
DA:52,1
DA:53,1
DA:54,1
DA:55,1
DA:56,1
DA:57,1
DA:58,1
DA:59,1
DA:60,1
DA:61,1
DA:62,1
DA:63,1
DA:64,1
DA:65,1
DA:66,1
DA:67,1
DA:68,1
DA:69,1
DA:70,1
DA:71,1
DA:72,1
DA:73,1
DA:74,1
DA:75,1
DA:76,1
DA:77,1
DA:78,1
DA:79,1
DA:82,1
DA:83,1
DA:84,1
DA:85,1
DA:86,1
DA:87,1
DA:88,1
DA:89,1
DA:90,1
DA:91,1
DA:92,1
DA:93,1
DA:94,1
DA:95,1
DA:96,1
DA:97,1
DA:98,1
DA:99,1
DA:100,1
DA:101,1
DA:102,1
DA:103,1
DA:104,1
DA:105,1
DA:106,1
DA:107,1
DA:110,1
DA:111,1
DA:112,1
DA:113,1
DA:114,1
DA:115,1
DA:116,1
DA:117,1
DA:118,1
DA:119,1
DA:120,1
DA:121,1
DA:124,1
DA:125,1
DA:126,1
DA:127,1
DA:128,1
DA:129,1
DA:130,1
BRDA:31,0,0,0
BRDA:31,0,1,1
BRDA:39,0,0,0
BRDA:39,0,1,1
BRDA:54,0,0,0
BRDA:54,0,1,1
BRDA:56,0,0,0
BRDA:56,0,1,1
BRDA:59,0,0,0
BRDA:59,0,1,1
BRDA:60,0,0,0
BRDA:60,0,1,1
BRDA:62,0,0,0
BRDA:62,0,1,1
BRDA:64,0,0,0
BRDA:64,0,1,1
BRDA:69,0,0,0
BRDA:69,0,1,1
BRDA:71,0,0,0
BRDA:71,0,1,1
BRDA:73,0,0,0
BRDA:73,0,1,1
BRDA:75,0,0,0
BRDA:75,0,1,1
BRDA:78,0,0,0
BRDA:78,0,1,1
BRDA:127,0,0,0
BRDA:127,0,1,1
BRDA:128,0,0,0
BRDA:128,0,1,1
BRDA:129,0,0,0
BRDA:129,0,1,1
BRF:32
BRH:16
LF:106
LH:98
end_of_record
